c:\directx2d\3dcopy\minecraft\directx11_minecraftdungeons\engine_source\x64\debug\detournavmesh.obj
c:\directx2d\3dcopy\minecraft\directx11_minecraftdungeons\engine_source\x64\debug\mduibase.obj
c:\directx2d\3dcopy\minecraft\directx11_minecraftdungeons\engine_source\x64\debug\yafmod.obj
c:\directx2d\3dcopy\minecraft\directx11_minecraftdungeons\engine_source\x64\debug\yamath.obj
c:\directx2d\3dcopy\minecraft\directx11_minecraftdungeons\engine_source\x64\debug\yaresources.obj
c:\directx2d\3dcopy\minecraft\directx11_minecraftdungeons\engine_source\x64\debug\mduiinventory.obj
c:\directx2d\3dcopy\minecraft\directx11_minecraftdungeons\engine_source\x64\debug\yabaserenderer.obj
c:\directx2d\3dcopy\minecraft\directx11_minecraftdungeons\engine_source\x64\debug\yamesh.obj
c:\directx2d\3dcopy\minecraft\directx11_minecraftdungeons\engine_source\x64\debug\yastructedbuffer.obj
c:\directx2d\3dcopy\minecraft\directx11_minecraftdungeons\engine_source\x64\debug\mduicontrol.obj
c:\directx2d\3dcopy\minecraft\directx11_minecraftdungeons\engine_source\x64\debug\yacomponent.obj
c:\directx2d\3dcopy\minecraft\directx11_minecraftdungeons\engine_source\x64\debug\yagridscript.obj
c:\directx2d\3dcopy\minecraft\directx11_minecraftdungeons\engine_source\x64\debug\yarigidbody.obj
c:\directx2d\3dcopy\minecraft\directx11_minecraftdungeons\engine_source\x64\debug\debugdraw.obj
c:\directx2d\3dcopy\minecraft\directx11_minecraftdungeons\engine_source\x64\debug\mduialphaobject.obj
c:\directx2d\3dcopy\minecraft\directx11_minecraftdungeons\engine_source\x64\debug\yafbxloader.obj
c:\directx2d\3dcopy\minecraft\directx11_minecraftdungeons\engine_source\x64\debug\yaphysics.obj
c:\directx2d\3dcopy\minecraft\directx11_minecraftdungeons\engine_source\x64\debug\detourcommon.obj
c:\directx2d\3dcopy\minecraft\directx11_minecraftdungeons\engine_source\x64\debug\yaboneanimator.obj
c:\directx2d\3dcopy\minecraft\directx11_minecraftdungeons\engine_source\x64\debug\yagameobject.obj
c:\directx2d\3dcopy\minecraft\directx11_minecraftdungeons\engine_source\x64\debug\yaprefab.obj
c:\directx2d\3dcopy\minecraft\directx11_minecraftdungeons\engine_source\x64\debug\yarenderer.obj
c:\directx2d\3dcopy\minecraft\directx11_minecraftdungeons\engine_source\x64\debug\mduiequipment.obj
c:\directx2d\3dcopy\minecraft\directx11_minecraftdungeons\engine_source\x64\debug\yaconstantbuffer.obj
c:\directx2d\3dcopy\minecraft\directx11_minecraftdungeons\engine_source\x64\debug\yameshdata.obj
c:\directx2d\3dcopy\minecraft\directx11_minecraftdungeons\engine_source\x64\debug\yatexture.obj
c:\directx2d\3dcopy\minecraft\directx11_minecraftdungeons\engine_source\x64\debug\detouralloc.obj
c:\directx2d\3dcopy\minecraft\directx11_minecraftdungeons\engine_source\x64\debug\yaaudiolistener.obj
c:\directx2d\3dcopy\minecraft\directx11_minecraftdungeons\engine_source\x64\debug\yacollider2d.obj
c:\directx2d\3dcopy\minecraft\directx11_minecraftdungeons\engine_source\x64\debug\yaapplication.obj
c:\directx2d\3dcopy\minecraft\directx11_minecraftdungeons\engine_source\x64\debug\yaparticleshader.obj
c:\directx2d\3dcopy\minecraft\directx11_minecraftdungeons\engine_source\x64\debug\yatransform.obj
c:\directx2d\3dcopy\minecraft\directx11_minecraftdungeons\engine_source\x64\debug\detournode.obj
c:\directx2d\3dcopy\minecraft\directx11_minecraftdungeons\engine_source\x64\debug\mddetourmanager.obj
c:\directx2d\3dcopy\minecraft\directx11_minecraftdungeons\engine_source\x64\debug\yacollider.obj
c:\directx2d\3dcopy\minecraft\directx11_minecraftdungeons\engine_source\x64\debug\yagraphicdevice_dx11.obj
c:\directx2d\3dcopy\minecraft\directx11_minecraftdungeons\engine_source\x64\debug\yascene.obj
c:\directx2d\3dcopy\minecraft\directx11_minecraftdungeons\engine_source\x64\debug\detourtilecachebuilder.obj
c:\directx2d\3dcopy\minecraft\directx11_minecraftdungeons\engine_source\x64\debug\yaaudiosource.obj
c:\directx2d\3dcopy\minecraft\directx11_minecraftdungeons\engine_source\x64\debug\yacollider3d.obj
c:\directx2d\3dcopy\minecraft\directx11_minecraftdungeons\engine_source\x64\debug\yamultirendertarget.obj
c:\directx2d\3dcopy\minecraft\directx11_minecraftdungeons\engine_source\x64\debug\yascript.obj
c:\directx2d\3dcopy\minecraft\directx11_minecraftdungeons\engine_source\x64\debug\detourtilecache.obj
c:\directx2d\3dcopy\minecraft\directx11_minecraftdungeons\engine_source\x64\debug\yaanimation.obj
c:\directx2d\3dcopy\minecraft\directx11_minecraftdungeons\engine_source\x64\debug\yaentity.obj
c:\directx2d\3dcopy\minecraft\directx11_minecraftdungeons\engine_source\x64\debug\yamaterial.obj
c:\directx2d\3dcopy\minecraft\directx11_minecraftdungeons\engine_source\x64\debug\yaspriterenderer.obj
c:\directx2d\3dcopy\minecraft\directx11_minecraftdungeons\engine_source\x64\debug\detournavmeshbuilder.obj
c:\directx2d\3dcopy\minecraft\directx11_minecraftdungeons\engine_source\x64\debug\mduiprogressbar.obj
c:\directx2d\3dcopy\minecraft\directx11_minecraftdungeons\engine_source\x64\debug\yaenums.obj
c:\directx2d\3dcopy\minecraft\directx11_minecraftdungeons\engine_source\x64\debug\yalight.obj
c:\directx2d\3dcopy\minecraft\directx11_minecraftdungeons\engine_source\x64\debug\yashader.obj
c:\directx2d\3dcopy\minecraft\directx11_minecraftdungeons\engine_source\x64\debug\mduibutton.obj
c:\directx2d\3dcopy\minecraft\directx11_minecraftdungeons\engine_source\x64\debug\yacontactcallback.obj
c:\directx2d\3dcopy\minecraft\directx11_minecraftdungeons\engine_source\x64\debug\yalayer.obj
c:\directx2d\3dcopy\minecraft\directx11_minecraftdungeons\engine_source\x64\debug\detournavmeshquery.obj
c:\directx2d\3dcopy\minecraft\directx11_minecraftdungeons\engine_source\x64\debug\yaboneshader.obj
c:\directx2d\3dcopy\minecraft\directx11_minecraftdungeons\engine_source\x64\debug\yafontwrapper.obj
c:\directx2d\3dcopy\minecraft\directx11_minecraftdungeons\engine_source\x64\debug\yaparticlesystem.obj
c:\directx2d\3dcopy\minecraft\directx11_minecraftdungeons\engine_source\x64\debug\mdmouseobject.obj
c:\directx2d\3dcopy\minecraft\directx11_minecraftdungeons\engine_source\x64\debug\yacamera.obj
c:\directx2d\3dcopy\minecraft\directx11_minecraftdungeons\engine_source\x64\debug\yameshrenderer.obj
c:\directx2d\3dcopy\minecraft\directx11_minecraftdungeons\engine_source\x64\debug\yatime.obj
c:\directx2d\3dcopy\minecraft\directx11_minecraftdungeons\engine_source\x64\debug\detourdebugdraw.obj
c:\directx2d\3dcopy\minecraft\directx11_minecraftdungeons\engine_source\x64\debug\yaanimator.obj
c:\directx2d\3dcopy\minecraft\directx11_minecraftdungeons\engine_source\x64\debug\yacomputeshader.obj
c:\directx2d\3dcopy\minecraft\directx11_minecraftdungeons\engine_source\x64\debug\yainput.obj
c:\directx2d\3dcopy\minecraft\directx11_minecraftdungeons\engine_source\x64\debug\yaresource.obj
c:\directx2d\3dcopy\minecraft\directx11_minecraftdungeons\engine_source\x64\debug\detourassert.obj
c:\directx2d\3dcopy\minecraft\directx11_minecraftdungeons\engine_source\x64\debug\yaaudioclip.obj
c:\directx2d\3dcopy\minecraft\directx11_minecraftdungeons\engine_source\x64\debug\yacollisionmanager.obj
c:\directx2d\3dcopy\minecraft\directx11_minecraftdungeons\engine_source\x64\debug\yapaintshader.obj
c:\directx2d\3dcopy\minecraft\directx11_minecraftdungeons\engine_source\x64\debug\yascenemanager.obj
c:\directx2d\3dcopy\minecraft\directx11_minecraftdungeons\x64\debug\lib\engine_source.pdb
c:\directx2d\3dcopy\minecraft\directx11_minecraftdungeons\x64\debug\lib\engine_source.idb
c:\directx2d\3dcopy\minecraft\directx11_minecraftdungeons\x64\debug\lib\engine_source.lib
c:\directx2d\3dcopy\minecraft\directx11_minecraftdungeons\engine_source\x64\debug\engine_source.res
c:\directx2d\3dcopy\minecraft\directx11_minecraftdungeons\engine_source\x64\debug\engine_source.tlog\cl.command.1.tlog
c:\directx2d\3dcopy\minecraft\directx11_minecraftdungeons\engine_source\x64\debug\engine_source.tlog\cl.items.tlog
c:\directx2d\3dcopy\minecraft\directx11_minecraftdungeons\engine_source\x64\debug\engine_source.tlog\cl.read.1.tlog
c:\directx2d\3dcopy\minecraft\directx11_minecraftdungeons\engine_source\x64\debug\engine_source.tlog\cl.write.1.tlog
c:\directx2d\3dcopy\minecraft\directx11_minecraftdungeons\engine_source\x64\debug\engine_source.tlog\lib-link-cvtres.read.1.tlog
c:\directx2d\3dcopy\minecraft\directx11_minecraftdungeons\engine_source\x64\debug\engine_source.tlog\lib-link-cvtres.write.1.tlog
c:\directx2d\3dcopy\minecraft\directx11_minecraftdungeons\engine_source\x64\debug\engine_source.tlog\lib.command.1.tlog
c:\directx2d\3dcopy\minecraft\directx11_minecraftdungeons\engine_source\x64\debug\engine_source.tlog\rc.command.1.tlog
c:\directx2d\3dcopy\minecraft\directx11_minecraftdungeons\engine_source\x64\debug\engine_source.tlog\rc.read.1.tlog
c:\directx2d\3dcopy\minecraft\directx11_minecraftdungeons\engine_source\x64\debug\engine_source.tlog\rc.write.1.tlog
